2020-04-30 17:17:01.313  INFO 12204 --- [main] c.l.s.SofatracerspringmvcApplication     : Starting SofatracerspringmvcApplication on PS2020IUHJTVKN with PID 12204 (D:\sofa-tracer\sofatracerspringmvc\build\classes\java\main started by Admin in D:\sofa-tracer)
2020-04-30 17:17:01.540  INFO 12204 --- [main] c.l.s.SofatracerspringmvcApplication     : No active profile set, falling back to default profiles: default
2020-04-30 17:17:01.868  INFO 12204 --- [main] .s.d.r.c.RepositoryConfigurationDelegate : Bootstrapping Spring Data MongoDB repositories in DEFAULT mode.
2020-04-30 17:17:01.879  INFO 12204 --- [main] .s.d.r.c.RepositoryConfigurationDelegate : Finished Spring Data repository scanning in 8ms. Found 0 MongoDB repository interfaces.
2020-04-30 17:17:01.994  INFO 12204 --- [main] trationDelegate$BeanPostProcessorChecker : Bean 'com.alipay.sofa.tracer.boot.flexible.configuration.TracerAnnotationConfiguration' of type [com.alipay.sofa.tracer.boot.flexible.configuration.TracerAnnotationConfiguration$$EnhancerBySpringCGLIB$$2c86e970] is not eligible for getting processed by all BeanPostProcessors (for example: not eligible for auto-proxying)
2020-04-30 17:17:02.004  INFO 12204 --- [main] trationDelegate$BeanPostProcessorChecker : Bean 'com.alipay.sofa.tracer.zipkin-com.alipay.sofa.tracer.boot.zipkin.properties.ZipkinSofaTracerProperties' of type [com.alipay.sofa.tracer.boot.zipkin.properties.ZipkinSofaTracerProperties] is not eligible for getting processed by all BeanPostProcessors (for example: not eligible for auto-proxying)
2020-04-30 17:17:02.004  INFO 12204 --- [main] trationDelegate$BeanPostProcessorChecker : Bean 'com.alipay.sofa.tracer.boot.zipkin.configuration.ZipkinSofaTracerAutoConfiguration' of type [com.alipay.sofa.tracer.boot.zipkin.configuration.ZipkinSofaTracerAutoConfiguration$$EnhancerBySpringCGLIB$$ffee6e4e] is not eligible for getting processed by all BeanPostProcessors (for example: not eligible for auto-proxying)
2020-04-30 17:17:02.010  INFO 12204 --- [main] trationDelegate$BeanPostProcessorChecker : Bean 'zipkinSofaTracerRestTemplateCustomizer' of type [com.alipay.sofa.tracer.plugins.zipkin.ZipkinSofaTracerRestTemplateCustomizer] is not eligible for getting processed by all BeanPostProcessors (for example: not eligible for auto-proxying)
2020-04-30 17:17:02.020  INFO 12204 --- [main] trationDelegate$BeanPostProcessorChecker : Bean 'zipkinSofaTracerSpanReporter' of type [com.alipay.sofa.tracer.plugins.zipkin.ZipkinSofaTracerSpanRemoteReporter] is not eligible for getting processed by all BeanPostProcessors (for example: not eligible for auto-proxying)
2020-04-30 17:17:02.021  INFO 12204 --- [main] trationDelegate$BeanPostProcessorChecker : Bean 'com.alipay.sofa.tracer.boot.configuration.SofaTracerAutoConfiguration' of type [com.alipay.sofa.tracer.boot.configuration.SofaTracerAutoConfiguration$$EnhancerBySpringCGLIB$$da1765e6] is not eligible for getting processed by all BeanPostProcessors (for example: not eligible for auto-proxying)
2020-04-30 17:17:02.023  INFO 12204 --- [main] trationDelegate$BeanPostProcessorChecker : Bean 'com.alipay.sofa.tracer-com.alipay.sofa.tracer.boot.properties.SofaTracerProperties' of type [com.alipay.sofa.tracer.boot.properties.SofaTracerProperties] is not eligible for getting processed by all BeanPostProcessors (for example: not eligible for auto-proxying)
2020-04-30 17:17:02.040  INFO 12204 --- [main] trationDelegate$BeanPostProcessorChecker : Bean 'tracer' of type [com.alipay.sofa.tracer.plugin.flexible.FlexibleTracer] is not eligible for getting processed by all BeanPostProcessors (for example: not eligible for auto-proxying)
2020-04-30 17:17:02.043  INFO 12204 --- [main] trationDelegate$BeanPostProcessorChecker : Bean 'sofaMethodInvocationProcessor' of type [com.alipay.sofa.tracer.boot.flexible.processor.SofaTracerMethodInvocationProcessor] is not eligible for getting processed by all BeanPostProcessors (for example: not eligible for auto-proxying)
2020-04-30 17:17:02.043  INFO 12204 --- [main] trationDelegate$BeanPostProcessorChecker : Bean 'sofaTracerIntroductionInterceptor' of type [com.alipay.sofa.tracer.boot.flexible.processor.SofaTracerIntroductionInterceptor] is not eligible for getting processed by all BeanPostProcessors (for example: not eligible for auto-proxying)
2020-04-30 17:17:02.046  INFO 12204 --- [main] trationDelegate$BeanPostProcessorChecker : Bean 'com.alipay.sofa.tracer.boot.resttemplate.SofaTracerRestTemplateConfiguration' of type [com.alipay.sofa.tracer.boot.resttemplate.SofaTracerRestTemplateConfiguration$$EnhancerBySpringCGLIB$$38a38ed5] is not eligible for getting processed by all BeanPostProcessors (for example: not eligible for auto-proxying)
2020-04-30 17:17:02.052  INFO 12204 --- [main] trationDelegate$BeanPostProcessorChecker : Bean 'sofaTracerRestTemplateEnhance' of type [com.alipay.sofa.tracer.boot.resttemplate.SofaTracerRestTemplateEnhance] is not eligible for getting processed by all BeanPostProcessors (for example: not eligible for auto-proxying)
2020-04-30 17:17:02.187  INFO 12204 --- [main] o.s.b.w.embedded.tomcat.TomcatWebServer  : Tomcat initialized with port(s): 8080 (http)
2020-04-30 17:17:02.192  INFO 12204 --- [main] o.apache.catalina.core.StandardService   : Starting service [Tomcat]
2020-04-30 17:17:02.194  INFO 12204 --- [main] org.apache.catalina.core.StandardEngine  : Starting Servlet engine: [Apache Tomcat/9.0.33]
2020-04-30 17:17:02.269  INFO 12204 --- [main] o.a.c.c.C.[Tomcat].[localhost].[/]       : Initializing Spring embedded WebApplicationContext
2020-04-30 17:17:02.269  INFO 12204 --- [main] o.s.web.context.ContextLoader            : Root WebApplicationContext: initialization completed in 702 ms
2020-04-30 17:17:02.493  INFO 12204 --- [main] org.mongodb.driver.cluster               : Cluster created with settings {hosts=[localhost:27017], mode=SINGLE, requiredClusterType=UNKNOWN, serverSelectionTimeout='30000 ms', maxWaitQueueSize=500}
2020-04-30 17:17:02.525  INFO 12204 --- [cluster-ClusterId{value='5eaa978eb8b96d1b6b85e057', description='null'}-localhost:27017] org.mongodb.driver.connection            : Opened connection [connectionId{localValue:1, serverValue:3}] to localhost:27017
2020-04-30 17:17:02.527  INFO 12204 --- [cluster-ClusterId{value='5eaa978eb8b96d1b6b85e057', description='null'}-localhost:27017] org.mongodb.driver.cluster               : Monitor thread successfully connected to server with description ServerDescription{address=localhost:27017, type=STANDALONE, state=CONNECTED, ok=true, version=ServerVersion{versionList=[3, 4, 10]}, minWireVersion=0, maxWireVersion=5, maxDocumentSize=16777216, logicalSessionTimeoutMinutes=null, roundTripTimeNanos=692100}
2020-04-30 17:17:02.764  INFO 12204 --- [main] o.s.s.concurrent.ThreadPoolTaskExecutor  : Initializing ExecutorService 'applicationTaskExecutor'
2020-04-30 17:17:02.873  INFO 12204 --- [main] o.s.b.w.embedded.tomcat.TomcatWebServer  : Tomcat started on port(s): 8080 (http) with context path ''
2020-04-30 17:17:02.875  INFO 12204 --- [main] c.l.s.SofatracerspringmvcApplication     : Started SofatracerspringmvcApplication in 2.306 seconds (JVM running for 3.331)
2020-04-30 17:17:09.820  INFO 12204 --- [http-nio-8080-exec-1] o.a.c.c.C.[Tomcat].[localhost].[/]       : Initializing Spring DispatcherServlet 'dispatcherServlet'
2020-04-30 17:17:09.820  INFO 12204 --- [http-nio-8080-exec-1] o.s.web.servlet.DispatcherServlet        : Initializing Servlet 'dispatcherServlet'
2020-04-30 17:17:09.823  INFO 12204 --- [http-nio-8080-exec-1] o.s.web.servlet.DispatcherServlet        : Completed initialization in 3 ms
2020-04-30 17:17:09.950  INFO 12204 --- [http-nio-8080-exec-1] org.mongodb.driver.connection            : Opened connection [connectionId{localValue:2, serverValue:4}] to localhost:27017
